{"name": "test_add_member_from_memberlistpage", "status": "broken", "statusDetails": {"message": "Exception", "trace": "self = <page.member_list_page.MemberListPage object at 0x0000025030867190>, args = ('id', 'username'), kwargs = {}\n\n    def inner(self, *args, **kwargs):\n        try:\n>           return func(self, *args, **kwargs)\n\npage\\base.py:28: \n_ _ _ _ _ _ _ _ _ _ _ _ _ _ _ _ _ _ _ _ _ _ _ _ _ _ _ _ _ _ _ _ _ _ _ _ _ _ _ _ _ _ _ _ _ _ _ _ _ _ _ _ _ _ _ _ _ _ _ _ _ _ _ _ _ _ _ _ _ _ _ _ _ _ _ _ _ _ _ _ _ _\n\nself = <page.member_list_page.MemberListPage object at 0x0000025030867190>, by = 'id', value = 'username'\n\n    @output_exception\n    def do_find(self, by, value=None):\n        if value:\n>           return self.driver.find_element(by, value)\n\npage\\base.py:40: \n_ _ _ _ _ _ _ _ _ _ _ _ _ _ _ _ _ _ _ _ _ _ _ _ _ _ _ _ _ _ _ _ _ _ _ _ _ _ _ _ _ _ _ _ _ _ _ _ _ _ _ _ _ _ _ _ _ _ _ _ _ _ _ _ _ _ _ _ _ _ _ _ _ _ _ _ _ _ _ _ _ _\n\nself = <selenium.webdriver.chrome.webdriver.WebDriver (session=\"b2b58a0036f01c591be1de81cb2252f0\")>, by = 'css selector', value = '[id=\"username\"]'\n\n    def find_element(self, by=By.ID, value=None) -> WebElement:\n        \"\"\"\n        Find an element given a By strategy and locator.\n    \n        :Usage:\n            ::\n    \n                element = driver.find_element(By.ID, 'foo')\n    \n        :rtype: WebElement\n        \"\"\"\n        if isinstance(by, RelativeBy):\n            elements = self.find_elements(by=by, value=value)\n            if not elements:\n                raise NoSuchElementException(f\"Cannot locate relative element with: {by.root}\")\n            return elements[0]\n    \n        if by == By.ID:\n            by = By.CSS_SELECTOR\n            value = '[id=\"%s\"]' % value\n        elif by == By.CLASS_NAME:\n            by = By.CSS_SELECTOR\n            value = \".%s\" % value\n        elif by == By.NAME:\n            by = By.CSS_SELECTOR\n            value = '[name=\"%s\"]' % value\n    \n>       return self.execute(Command.FIND_ELEMENT, {\n            'using': by,\n            'value': value})['value']\n\nvenv\\lib\\site-packages\\selenium\\webdriver\\remote\\webdriver.py:1251: \n_ _ _ _ _ _ _ _ _ _ _ _ _ _ _ _ _ _ _ _ _ _ _ _ _ _ _ _ _ _ _ _ _ _ _ _ _ _ _ _ _ _ _ _ _ _ _ _ _ _ _ _ _ _ _ _ _ _ _ _ _ _ _ _ _ _ _ _ _ _ _ _ _ _ _ _ _ _ _ _ _ _\n\nself = <selenium.webdriver.chrome.webdriver.WebDriver (session=\"b2b58a0036f01c591be1de81cb2252f0\")>, driver_command = 'findElement'\nparams = {'using': 'css selector', 'value': '[id=\"username\"]'}\n\n    def execute(self, driver_command: str, params: dict = None) -> dict:\n        \"\"\"\n        Sends a command to be executed by a command.CommandExecutor.\n    \n        :Args:\n         - driver_command: The name of the command to execute as a string.\n         - params: A dictionary of named parameters to send with the command.\n    \n        :Returns:\n          The command's JSON response loaded into a dictionary object.\n        \"\"\"\n        if self.session_id:\n            if not params:\n                params = {'sessionId': self.session_id}\n            elif 'sessionId' not in params:\n                params['sessionId'] = self.session_id\n    \n        params = self._wrap_value(params)\n        response = self.command_executor.execute(driver_command, params)\n        if response:\n>           self.error_handler.check_response(response)\n\nvenv\\lib\\site-packages\\selenium\\webdriver\\remote\\webdriver.py:430: \n_ _ _ _ _ _ _ _ _ _ _ _ _ _ _ _ _ _ _ _ _ _ _ _ _ _ _ _ _ _ _ _ _ _ _ _ _ _ _ _ _ _ _ _ _ _ _ _ _ _ _ _ _ _ _ _ _ _ _ _ _ _ _ _ _ _ _ _ _ _ _ _ _ _ _ _ _ _ _ _ _ _\n\nself = <selenium.webdriver.remote.errorhandler.ErrorHandler object at 0x00000250307925B0>\nresponse = {'status': 404, 'value': '{\"value\":{\"error\":\"no such element\",\"message\":\"no such element: Unable to locate element: {\\...\\tRtlInitializeExceptionChain [0x7787B79B+107]\\\\n\\\\tRtlClearBits [0x7787B71F+191]\\\\n\\\\t(No symbol) [0x00000000]\\\\n\"}}'}\n\n    def check_response(self, response: Dict[str, Any]) -> None:\n        \"\"\"\n        Checks that a JSON response from the WebDriver does not have an error.\n    \n        :Args:\n         - response - The JSON response from the WebDriver server as a dictionary\n           object.\n    \n        :Raises: If the response contains an error message.\n        \"\"\"\n        status = response.get('status', None)\n        if not status or status == ErrorCode.SUCCESS:\n            return\n        value = None\n        message = response.get(\"message\", \"\")\n        screen: str = response.get(\"screen\", \"\")\n        stacktrace = None\n        if isinstance(status, int):\n            value_json = response.get('value', None)\n            if value_json and isinstance(value_json, str):\n                import json\n                try:\n                    value = json.loads(value_json)\n                    if len(value.keys()) == 1:\n                        value = value['value']\n                    status = value.get('error', None)\n                    if not status:\n                        status = value.get(\"status\", ErrorCode.UNKNOWN_ERROR)\n                        message = value.get(\"value\") or value.get(\"message\")\n                        if not isinstance(message, str):\n                            value = message\n                            message = message.get('message')\n                    else:\n                        message = value.get('message', None)\n                except ValueError:\n                    pass\n    \n        exception_class: Type[WebDriverException]\n        if status in ErrorCode.NO_SUCH_ELEMENT:\n            exception_class = NoSuchElementException\n        elif status in ErrorCode.NO_SUCH_FRAME:\n            exception_class = NoSuchFrameException\n        elif status in ErrorCode.NO_SUCH_SHADOW_ROOT:\n            exception_class = NoSuchShadowRootException\n        elif status in ErrorCode.NO_SUCH_WINDOW:\n            exception_class = NoSuchWindowException\n        elif status in ErrorCode.STALE_ELEMENT_REFERENCE:\n            exception_class = StaleElementReferenceException\n        elif status in ErrorCode.ELEMENT_NOT_VISIBLE:\n            exception_class = ElementNotVisibleException\n        elif status in ErrorCode.INVALID_ELEMENT_STATE:\n            exception_class = InvalidElementStateException\n        elif status in ErrorCode.INVALID_SELECTOR \\\n                or status in ErrorCode.INVALID_XPATH_SELECTOR \\\n                or status in ErrorCode.INVALID_XPATH_SELECTOR_RETURN_TYPER:\n            exception_class = InvalidSelectorException\n        elif status in ErrorCode.ELEMENT_IS_NOT_SELECTABLE:\n            exception_class = ElementNotSelectableException\n        elif status in ErrorCode.ELEMENT_NOT_INTERACTABLE:\n            exception_class = ElementNotInteractableException\n        elif status in ErrorCode.INVALID_COOKIE_DOMAIN:\n            exception_class = InvalidCookieDomainException\n        elif status in ErrorCode.UNABLE_TO_SET_COOKIE:\n            exception_class = UnableToSetCookieException\n        elif status in ErrorCode.TIMEOUT:\n            exception_class = TimeoutException\n        elif status in ErrorCode.SCRIPT_TIMEOUT:\n            exception_class = TimeoutException\n        elif status in ErrorCode.UNKNOWN_ERROR:\n            exception_class = WebDriverException\n        elif status in ErrorCode.UNEXPECTED_ALERT_OPEN:\n            exception_class = UnexpectedAlertPresentException\n        elif status in ErrorCode.NO_ALERT_OPEN:\n            exception_class = NoAlertPresentException\n        elif status in ErrorCode.IME_NOT_AVAILABLE:\n            exception_class = ImeNotAvailableException\n        elif status in ErrorCode.IME_ENGINE_ACTIVATION_FAILED:\n            exception_class = ImeActivationFailedException\n        elif status in ErrorCode.MOVE_TARGET_OUT_OF_BOUNDS:\n            exception_class = MoveTargetOutOfBoundsException\n        elif status in ErrorCode.JAVASCRIPT_ERROR:\n            exception_class = JavascriptException\n        elif status in ErrorCode.SESSION_NOT_CREATED:\n            exception_class = SessionNotCreatedException\n        elif status in ErrorCode.INVALID_ARGUMENT:\n            exception_class = InvalidArgumentException\n        elif status in ErrorCode.NO_SUCH_COOKIE:\n            exception_class = NoSuchCookieException\n        elif status in ErrorCode.UNABLE_TO_CAPTURE_SCREEN:\n            exception_class = ScreenshotException\n        elif status in ErrorCode.ELEMENT_CLICK_INTERCEPTED:\n            exception_class = ElementClickInterceptedException\n        elif status in ErrorCode.INSECURE_CERTIFICATE:\n            exception_class = InsecureCertificateException\n        elif status in ErrorCode.INVALID_COORDINATES:\n            exception_class = InvalidCoordinatesException\n        elif status in ErrorCode.INVALID_SESSION_ID:\n            exception_class = InvalidSessionIdException\n        elif status in ErrorCode.UNKNOWN_METHOD:\n            exception_class = UnknownMethodException\n        else:\n            exception_class = WebDriverException\n        if not value:\n            value = response['value']\n        if isinstance(value, str):\n            raise exception_class(value)\n        if message == \"\" and 'message' in value:\n            message = value['message']\n    \n        screen = None  # type: ignore[assignment]\n        if 'screen' in value:\n            screen = value['screen']\n    \n        stacktrace = None\n        st_value = value.get('stackTrace') or value.get('stacktrace')\n        if st_value:\n            if isinstance(st_value, str):\n                stacktrace = st_value.split('\\n')\n            else:\n                stacktrace = []\n                try:\n                    for frame in st_value:\n                        line = self._value_or_default(frame, 'lineNumber', '')\n                        file = self._value_or_default(frame, 'fileName', '<anonymous>')\n                        if line:\n                            file = \"%s:%s\" % (file, line)\n                        meth = self._value_or_default(frame, 'methodName', '<anonymous>')\n                        if 'className' in frame:\n                            meth = \"%s.%s\" % (frame['className'], meth)\n                        msg = \"    at %s (%s)\"\n                        msg = msg % (meth, file)\n                        stacktrace.append(msg)\n                except TypeError:\n                    pass\n        if exception_class == UnexpectedAlertPresentException:\n            alert_text = None\n            if 'data' in value:\n                alert_text = value['data'].get('text')\n            elif 'alert' in value:\n                alert_text = value['alert'].get('text')\n            raise exception_class(message, screen, stacktrace, alert_text)  # type: ignore[call-arg]  # mypy is not smart enough here\n>       raise exception_class(message, screen, stacktrace)\nE       selenium.common.exceptions.NoSuchElementException: Message: no such element: Unable to locate element: {\"method\":\"css selector\",\"selector\":\"[id=\"username\"]\"}\nE         (Session info: chrome=115.0.5790.110)\nE       Stacktrace:\nE       Backtrace:\nE       \tGetHandleVerifier [0x002EA813+48355]\nE       \t(No symbol) [0x0027C4B1]\nE       \t(No symbol) [0x00185358]\nE       \t(No symbol) [0x001B09A5]\nE       \t(No symbol) [0x001B0B3B]\nE       \t(No symbol) [0x001DE232]\nE       \t(No symbol) [0x001CA784]\nE       \t(No symbol) [0x001DC922]\nE       \t(No symbol) [0x001CA536]\nE       \t(No symbol) [0x001A82DC]\nE       \t(No symbol) [0x001A93DD]\nE       \tGetHandleVerifier [0x0054AABD+2539405]\nE       \tGetHandleVerifier [0x0058A78F+2800735]\nE       \tGetHandleVerifier [0x0058456C+2775612]\nE       \tGetHandleVerifier [0x003751E0+616112]\nE       \t(No symbol) [0x00285F8C]\nE       \t(No symbol) [0x00282328]\nE       \t(No symbol) [0x0028240B]\nE       \t(No symbol) [0x00274FF7]\nE       \tBaseThreadInitThunk [0x76427D59+25]\nE       \tRtlInitializeExceptionChain [0x7787B79B+107]\nE       \tRtlClearBits [0x7787B71F+191]\nE       \t(No symbol) [0x00000000]\n\nvenv\\lib\\site-packages\\selenium\\webdriver\\remote\\errorhandler.py:247: NoSuchElementException\n\nDuring handling of the above exception, another exception occurred:\n\nself = <testcase.test_add_member.TestAddMember object at 0x00000250307442E0>\n\n    @allure.story(\"通讯录入口添加成员\")\n    def test_add_member_from_memberlistpage(self):\n>       result = self.home.click_menu_contacts(). \\\n            click_add_member_btn(). \\\n            edit_member_and_save(self.fk.get_random_name(), self.fk.get_random_id(),\n                                 self.fk.get_random_phone()). \\\n            get_tips()\n\ntestcase\\test_add_member.py:36: \n_ _ _ _ _ _ _ _ _ _ _ _ _ _ _ _ _ _ _ _ _ _ _ _ _ _ _ _ _ _ _ _ _ _ _ _ _ _ _ _ _ _ _ _ _ _ _ _ _ _ _ _ _ _ _ _ _ _ _ _ _ _ _ _ _ _ _ _ _ _ _ _ _ _ _ _ _ _ _ _ _ _\npage\\member_list_page.py:21: in click_add_member_btn\n    self.web_wait(self.__BTN_ADD_MEMBER, AddMemberPage(self.driver).get_attribute_input_username())\npage\\base.py:69: in web_wait\n    return WebDriverWait(self.driver, 20).until(self.double_click(click_ele, ele))\nvenv\\lib\\site-packages\\selenium\\webdriver\\support\\wait.py:78: in until\n    value = method(self._driver)\npage\\base.py:75: in _inner\n    return self.do_find(*ele)\n_ _ _ _ _ _ _ _ _ _ _ _ _ _ _ _ _ _ _ _ _ _ _ _ _ _ _ _ _ _ _ _ _ _ _ _ _ _ _ _ _ _ _ _ _ _ _ _ _ _ _ _ _ _ _ _ _ _ _ _ _ _ _ _ _ _ _ _ _ _ _ _ _ _ _ _ _ _ _ _ _ _\n\nself = <page.member_list_page.MemberListPage object at 0x0000025030867190>, args = ('id', 'username'), kwargs = {}\n\n    def inner(self, *args, **kwargs):\n        try:\n            return func(self, *args, **kwargs)\n        except Exception as e:\n            logger.error(e)\n            self.save_screenshot()\n            self.save_pagesource()\n>           raise Exception\nE           Exception\n\npage\\base.py:33: Exception"}, "steps": [{"name": "点击菜单：通讯录", "status": "passed", "start": 1690512306933, "stop": 1690512306980}, {"name": "点击【添加成员】按钮", "status": "broken", "statusDetails": {"message": "Exception\n", "trace": "  File \"D:\\pycharm\\Selenium\\page\\member_list_page.py\", line 21, in click_add_member_btn\n    self.web_wait(self.__BTN_ADD_MEMBER, AddMemberPage(self.driver).get_attribute_input_username())\n  File \"D:\\pycharm\\Selenium\\page\\base.py\", line 69, in web_wait\n    return WebDriverWait(self.driver, 20).until(self.double_click(click_ele, ele))\n  File \"D:\\pycharm\\Selenium\\venv\\lib\\site-packages\\selenium\\webdriver\\support\\wait.py\", line 78, in until\n    value = method(self._driver)\n  File \"D:\\pycharm\\Selenium\\page\\base.py\", line 75, in _inner\n    return self.do_find(*ele)\n  File \"D:\\pycharm\\Selenium\\page\\base.py\", line 33, in inner\n    raise Exception\n"}, "attachments": [{"name": "error_image", "source": "df6b0f4c-259f-41e1-8b92-f8cb92fe009e-attachment.png", "type": "image/png"}, {"name": "pagesource", "source": "2f0bc668-956e-4a12-8c42-be25dcd9254c-attachment.txt", "type": "text/plain"}], "start": 1690512307050, "stop": 1690512312380}], "attachments": [{"name": "log", "source": "1d6059b9-4f8b-4223-9a66-3eb0cf60d369-attachment.txt", "type": "text/plain"}], "start": 1690512306932, "stop": 1690512312383, "uuid": "ff42a43e-08ca-47db-b141-b906aa6fd842", "historyId": "3aba508366900283d13031bd490b5cdf", "testCaseId": "3aba508366900283d13031bd490b5cdf", "fullName": "testcase.test_add_member.TestAddMember#test_add_member_from_memberlistpage", "labels": [{"name": "story", "value": "通讯录入口添加成员"}, {"name": "feature", "value": "添加成员"}, {"name": "parentSuite", "value": "testcase"}, {"name": "suite", "value": "test_add_member"}, {"name": "subSuite", "value": "TestAddMember"}, {"name": "host", "value": "DESKTOP-7Q67NG8"}, {"name": "thread", "value": "65568-MainThread"}, {"name": "framework", "value": "pytest"}, {"name": "language", "value": "cpython3"}, {"name": "package", "value": "testcase.test_add_member"}]}