{"name": "test_add_member_from_homepage", "status": "broken", "statusDetails": {"message": "Exception", "trace": "self = <page.home_page.HomePage object at 0x0000020FD89DD0D0>, args = (('css selector', \"[node-type='addmember']\"),), kwargs = {}\n\n    def inner(self, *args, **kwargs):\n        try:\n>           return func(self, *args, **kwargs)\n\npage\\base.py:31: \n_ _ _ _ _ _ _ _ _ _ _ _ _ _ _ _ _ _ _ _ _ _ _ _ _ _ _ _ _ _ _ _ _ _ _ _ _ _ _ _ _ _ _ _ _ _ _ _ _ _ _ _ _ _ _ _ _ _ _ _ _ _ _ _ _ _ _ _ _ _ _ _ _ _ _ _ _ _ _ _ _ _\n\nself = <page.home_page.HomePage object at 0x0000020FD89DD0D0>, by = ('css selector', \"[node-type='addmember']\"), value = None\n\n    @output_exception\n    def do_find(self, by, value=None):\n        if value:\n            return self.driver.find_element(by, value)\n        else:\n>           return self.driver.find_element(*by)\n\npage\\base.py:45: \n_ _ _ _ _ _ _ _ _ _ _ _ _ _ _ _ _ _ _ _ _ _ _ _ _ _ _ _ _ _ _ _ _ _ _ _ _ _ _ _ _ _ _ _ _ _ _ _ _ _ _ _ _ _ _ _ _ _ _ _ _ _ _ _ _ _ _ _ _ _ _ _ _ _ _ _ _ _ _ _ _ _\n\nself = <selenium.webdriver.remote.webdriver.WebDriver (session=\"6bd04bdb6fb60395382918819464dd6b\")>, by = 'css selector', value = \"[node-type='addmember']\"\n\n    def find_element(self, by=By.ID, value=None) -> WebElement:\n        \"\"\"\n        Find an element given a By strategy and locator.\n    \n        :Usage:\n            ::\n    \n                element = driver.find_element(By.ID, 'foo')\n    \n        :rtype: WebElement\n        \"\"\"\n        if isinstance(by, RelativeBy):\n            elements = self.find_elements(by=by, value=value)\n            if not elements:\n                raise NoSuchElementException(f\"Cannot locate relative element with: {by.root}\")\n            return elements[0]\n    \n        if by == By.ID:\n            by = By.CSS_SELECTOR\n            value = '[id=\"%s\"]' % value\n        elif by == By.CLASS_NAME:\n            by = By.CSS_SELECTOR\n            value = \".%s\" % value\n        elif by == By.NAME:\n            by = By.CSS_SELECTOR\n            value = '[name=\"%s\"]' % value\n    \n>       return self.execute(Command.FIND_ELEMENT, {\n            'using': by,\n            'value': value})['value']\n\nvenv\\lib\\site-packages\\selenium\\webdriver\\remote\\webdriver.py:1251: \n_ _ _ _ _ _ _ _ _ _ _ _ _ _ _ _ _ _ _ _ _ _ _ _ _ _ _ _ _ _ _ _ _ _ _ _ _ _ _ _ _ _ _ _ _ _ _ _ _ _ _ _ _ _ _ _ _ _ _ _ _ _ _ _ _ _ _ _ _ _ _ _ _ _ _ _ _ _ _ _ _ _\n\nself = <selenium.webdriver.remote.webdriver.WebDriver (session=\"6bd04bdb6fb60395382918819464dd6b\")>, driver_command = 'findElement'\nparams = {'using': 'css selector', 'value': \"[node-type='addmember']\"}\n\n    def execute(self, driver_command: str, params: dict = None) -> dict:\n        \"\"\"\n        Sends a command to be executed by a command.CommandExecutor.\n    \n        :Args:\n         - driver_command: The name of the command to execute as a string.\n         - params: A dictionary of named parameters to send with the command.\n    \n        :Returns:\n          The command's JSON response loaded into a dictionary object.\n        \"\"\"\n        if self.session_id:\n            if not params:\n                params = {'sessionId': self.session_id}\n            elif 'sessionId' not in params:\n                params['sessionId'] = self.session_id\n    \n        params = self._wrap_value(params)\n        response = self.command_executor.execute(driver_command, params)\n        if response:\n>           self.error_handler.check_response(response)\n\nvenv\\lib\\site-packages\\selenium\\webdriver\\remote\\webdriver.py:430: \n_ _ _ _ _ _ _ _ _ _ _ _ _ _ _ _ _ _ _ _ _ _ _ _ _ _ _ _ _ _ _ _ _ _ _ _ _ _ _ _ _ _ _ _ _ _ _ _ _ _ _ _ _ _ _ _ _ _ _ _ _ _ _ _ _ _ _ _ _ _ _ _ _ _ _ _ _ _ _ _ _ _\n\nself = <selenium.webdriver.remote.errorhandler.ErrorHandler object at 0x0000020FD8993160>\nresponse = {'status': 404, 'value': '{\"value\":{\"error\":\"no such element\",\"message\":\"no such element: Unable to locate element: {\\...wn>\\\\n#16 0x55df8652f847 \\\\u003Cunknown>\\\\n#17 0x55df8653f243 \\\\u003Cunknown>\\\\n#18 0x7f38fe91f609 start_thread\\\\n\"}}'}\n\n    def check_response(self, response: Dict[str, Any]) -> None:\n        \"\"\"\n        Checks that a JSON response from the WebDriver does not have an error.\n    \n        :Args:\n         - response - The JSON response from the WebDriver server as a dictionary\n           object.\n    \n        :Raises: If the response contains an error message.\n        \"\"\"\n        status = response.get('status', None)\n        if not status or status == ErrorCode.SUCCESS:\n            return\n        value = None\n        message = response.get(\"message\", \"\")\n        screen: str = response.get(\"screen\", \"\")\n        stacktrace = None\n        if isinstance(status, int):\n            value_json = response.get('value', None)\n            if value_json and isinstance(value_json, str):\n                import json\n                try:\n                    value = json.loads(value_json)\n                    if len(value.keys()) == 1:\n                        value = value['value']\n                    status = value.get('error', None)\n                    if not status:\n                        status = value.get(\"status\", ErrorCode.UNKNOWN_ERROR)\n                        message = value.get(\"value\") or value.get(\"message\")\n                        if not isinstance(message, str):\n                            value = message\n                            message = message.get('message')\n                    else:\n                        message = value.get('message', None)\n                except ValueError:\n                    pass\n    \n        exception_class: Type[WebDriverException]\n        if status in ErrorCode.NO_SUCH_ELEMENT:\n            exception_class = NoSuchElementException\n        elif status in ErrorCode.NO_SUCH_FRAME:\n            exception_class = NoSuchFrameException\n        elif status in ErrorCode.NO_SUCH_SHADOW_ROOT:\n            exception_class = NoSuchShadowRootException\n        elif status in ErrorCode.NO_SUCH_WINDOW:\n            exception_class = NoSuchWindowException\n        elif status in ErrorCode.STALE_ELEMENT_REFERENCE:\n            exception_class = StaleElementReferenceException\n        elif status in ErrorCode.ELEMENT_NOT_VISIBLE:\n            exception_class = ElementNotVisibleException\n        elif status in ErrorCode.INVALID_ELEMENT_STATE:\n            exception_class = InvalidElementStateException\n        elif status in ErrorCode.INVALID_SELECTOR \\\n                or status in ErrorCode.INVALID_XPATH_SELECTOR \\\n                or status in ErrorCode.INVALID_XPATH_SELECTOR_RETURN_TYPER:\n            exception_class = InvalidSelectorException\n        elif status in ErrorCode.ELEMENT_IS_NOT_SELECTABLE:\n            exception_class = ElementNotSelectableException\n        elif status in ErrorCode.ELEMENT_NOT_INTERACTABLE:\n            exception_class = ElementNotInteractableException\n        elif status in ErrorCode.INVALID_COOKIE_DOMAIN:\n            exception_class = InvalidCookieDomainException\n        elif status in ErrorCode.UNABLE_TO_SET_COOKIE:\n            exception_class = UnableToSetCookieException\n        elif status in ErrorCode.TIMEOUT:\n            exception_class = TimeoutException\n        elif status in ErrorCode.SCRIPT_TIMEOUT:\n            exception_class = TimeoutException\n        elif status in ErrorCode.UNKNOWN_ERROR:\n            exception_class = WebDriverException\n        elif status in ErrorCode.UNEXPECTED_ALERT_OPEN:\n            exception_class = UnexpectedAlertPresentException\n        elif status in ErrorCode.NO_ALERT_OPEN:\n            exception_class = NoAlertPresentException\n        elif status in ErrorCode.IME_NOT_AVAILABLE:\n            exception_class = ImeNotAvailableException\n        elif status in ErrorCode.IME_ENGINE_ACTIVATION_FAILED:\n            exception_class = ImeActivationFailedException\n        elif status in ErrorCode.MOVE_TARGET_OUT_OF_BOUNDS:\n            exception_class = MoveTargetOutOfBoundsException\n        elif status in ErrorCode.JAVASCRIPT_ERROR:\n            exception_class = JavascriptException\n        elif status in ErrorCode.SESSION_NOT_CREATED:\n            exception_class = SessionNotCreatedException\n        elif status in ErrorCode.INVALID_ARGUMENT:\n            exception_class = InvalidArgumentException\n        elif status in ErrorCode.NO_SUCH_COOKIE:\n            exception_class = NoSuchCookieException\n        elif status in ErrorCode.UNABLE_TO_CAPTURE_SCREEN:\n            exception_class = ScreenshotException\n        elif status in ErrorCode.ELEMENT_CLICK_INTERCEPTED:\n            exception_class = ElementClickInterceptedException\n        elif status in ErrorCode.INSECURE_CERTIFICATE:\n            exception_class = InsecureCertificateException\n        elif status in ErrorCode.INVALID_COORDINATES:\n            exception_class = InvalidCoordinatesException\n        elif status in ErrorCode.INVALID_SESSION_ID:\n            exception_class = InvalidSessionIdException\n        elif status in ErrorCode.UNKNOWN_METHOD:\n            exception_class = UnknownMethodException\n        else:\n            exception_class = WebDriverException\n        if not value:\n            value = response['value']\n        if isinstance(value, str):\n            raise exception_class(value)\n        if message == \"\" and 'message' in value:\n            message = value['message']\n    \n        screen = None  # type: ignore[assignment]\n        if 'screen' in value:\n            screen = value['screen']\n    \n        stacktrace = None\n        st_value = value.get('stackTrace') or value.get('stacktrace')\n        if st_value:\n            if isinstance(st_value, str):\n                stacktrace = st_value.split('\\n')\n            else:\n                stacktrace = []\n                try:\n                    for frame in st_value:\n                        line = self._value_or_default(frame, 'lineNumber', '')\n                        file = self._value_or_default(frame, 'fileName', '<anonymous>')\n                        if line:\n                            file = \"%s:%s\" % (file, line)\n                        meth = self._value_or_default(frame, 'methodName', '<anonymous>')\n                        if 'className' in frame:\n                            meth = \"%s.%s\" % (frame['className'], meth)\n                        msg = \"    at %s (%s)\"\n                        msg = msg % (meth, file)\n                        stacktrace.append(msg)\n                except TypeError:\n                    pass\n        if exception_class == UnexpectedAlertPresentException:\n            alert_text = None\n            if 'data' in value:\n                alert_text = value['data'].get('text')\n            elif 'alert' in value:\n                alert_text = value['alert'].get('text')\n            raise exception_class(message, screen, stacktrace, alert_text)  # type: ignore[call-arg]  # mypy is not smart enough here\n>       raise exception_class(message, screen, stacktrace)\nE       selenium.common.exceptions.NoSuchElementException: Message: no such element: Unable to locate element: {\"method\":\"css selector\",\"selector\":\"[node-type='addmember']\"}\nE         (Session info: chrome=114.0.5735.133)\nE       Stacktrace:\nE       #0 0x55df865464e3 <unknown>\nE       #1 0x55df86275c76 <unknown>\nE       #2 0x55df862b1c96 <unknown>\nE       #3 0x55df862b1dc1 <unknown>\nE       #4 0x55df862eb7f4 <unknown>\nE       #5 0x55df862d103d <unknown>\nE       #6 0x55df862e930e <unknown>\nE       #7 0x55df862d0de3 <unknown>\nE       #8 0x55df862a62dd <unknown>\nE       #9 0x55df862a734e <unknown>\nE       #10 0x55df865063e4 <unknown>\nE       #11 0x55df8650a3d7 <unknown>\nE       #12 0x55df86514b20 <unknown>\nE       #13 0x55df8650b023 <unknown>\nE       #14 0x55df864d91aa <unknown>\nE       #15 0x55df8652f6b8 <unknown>\nE       #16 0x55df8652f847 <unknown>\nE       #17 0x55df8653f243 <unknown>\nE       #18 0x7f38fe91f609 start_thread\n\nvenv\\lib\\site-packages\\selenium\\webdriver\\remote\\errorhandler.py:247: NoSuchElementException\n\nDuring handling of the above exception, another exception occurred:\n\nself = <testcase.test_add_member.TestAddMember object at 0x0000020FD88ABEB0>\n\n    @allure.story(\"主页入口添加成员\")\n    def test_add_member_from_homepage(self):\n>       result = self.home.click_add_member(). \\\n            edit_member_and_save(self.fk.get_random_name(), self.fk.get_random_id(),\n                                 self.fk.get_random_phone()). \\\n            get_tips()\n\ntestcase\\test_add_member.py:28: \n_ _ _ _ _ _ _ _ _ _ _ _ _ _ _ _ _ _ _ _ _ _ _ _ _ _ _ _ _ _ _ _ _ _ _ _ _ _ _ _ _ _ _ _ _ _ _ _ _ _ _ _ _ _ _ _ _ _ _ _ _ _ _ _ _ _ _ _ _ _ _ _ _ _ _ _ _ _ _ _ _ _\npage\\home_page.py:15: in click_add_member\n    self.do_find(self.__BTN_ADD_MEMBER).click()\n_ _ _ _ _ _ _ _ _ _ _ _ _ _ _ _ _ _ _ _ _ _ _ _ _ _ _ _ _ _ _ _ _ _ _ _ _ _ _ _ _ _ _ _ _ _ _ _ _ _ _ _ _ _ _ _ _ _ _ _ _ _ _ _ _ _ _ _ _ _ _ _ _ _ _ _ _ _ _ _ _ _\n\nself = <page.home_page.HomePage object at 0x0000020FD89DD0D0>, args = (('css selector', \"[node-type='addmember']\"),), kwargs = {}\n\n    def inner(self, *args, **kwargs):\n        try:\n            return func(self, *args, **kwargs)\n        except Exception as e:\n            logger.error(e)\n            self.save_screenshot()\n            self.save_pagesource()\n>           raise Exception\nE           Exception\n\npage\\base.py:36: Exception"}, "steps": [{"name": "点击添加成员按钮", "status": "broken", "statusDetails": {"message": "Exception\n", "trace": "  File \"D:\\pycharm\\Selenium\\page\\home_page.py\", line 15, in click_add_member\n    self.do_find(self.__BTN_ADD_MEMBER).click()\n  File \"D:\\pycharm\\Selenium\\page\\base.py\", line 36, in inner\n    raise Exception\n"}, "attachments": [{"name": "error_image", "source": "0deb8116-4635-40f0-a8a9-baee890e5ccf-attachment.png", "type": "image/png"}, {"name": "pagesource", "source": "7c51604d-de0d-44f6-99a5-4c00ff4a741b-attachment.txt", "type": "text/plain"}], "start": 1690525162197, "stop": 1690525167465}], "attachments": [{"name": "log", "source": "09b9f9bd-48a3-4464-a28a-4da081cd35f5-attachment.txt", "type": "text/plain"}], "start": 1690525162195, "stop": 1690525167468, "uuid": "ce9ad58b-e9b6-4815-95e8-597c793a6a06", "historyId": "b003135152d87188c72a91ecc7e15c63", "testCaseId": "b003135152d87188c72a91ecc7e15c63", "fullName": "testcase.test_add_member.TestAddMember#test_add_member_from_homepage", "labels": [{"name": "story", "value": "主页入口添加成员"}, {"name": "feature", "value": "添加成员"}, {"name": "parentSuite", "value": "testcase"}, {"name": "suite", "value": "test_add_member"}, {"name": "subSuite", "value": "TestAddMember"}, {"name": "host", "value": "DESKTOP-7Q67NG8"}, {"name": "thread", "value": "48492-MainThread"}, {"name": "framework", "value": "pytest"}, {"name": "language", "value": "cpython3"}, {"name": "package", "value": "testcase.test_add_member"}]}